<?xml version="1.0" encoding="UTF-8"?>
<!-- Generated by org.testng.reporters.JUnitXMLReporter -->
<testsuite ignored="0" hostname="DESKTOP-TJM23M0" failures="0" tests="2" name="UI Regression Test" time="31.712" errors="0" timestamp="2022-10-14T15:42:47 EET">
  <testcase classname="io.cucumber.testng.AbstractTestNGCucumberTests" name="runScenario" time="28.88"/>
  <testcase classname="io.cucumber.testng.AbstractTestNGCucumberTests" name="runScenario" time="2.223"/>
</testsuite> <!-- UI Regression Test -->
