<?xml version="1.0" encoding="UTF-8"?>
<testsuite xmlns:xsi="http://www.w3.org/2001/XMLSchema-instance" xsi:noNamespaceSchemaLocation="https://maven.apache.org/surefire/maven-surefire-plugin/xsd/surefire-test-report-3.0.xsd" version="3.0" name="TestSuite" time="32.533" tests="2" errors="0" skipped="0" failures="0">
  <properties>
[...]
</properties>
  <testcase name="runScenario[&quot;Verify the user cannot order with empty mandatory data&quot;, &quot;Optional[As a user i can order from the Shop]&quot;](1)" classname="runner.TestRunner" time="28.899">
    <system-out><![CDATA[
@ui
Scenario Outline: Verify the user cannot order with empty mandatory data &amp#27;[90m# src/test/java/features/createOrder.feature:23&amp#27;[0m
  &amp#27;[32mGiven &amp#27;[0m&amp#27;[32mI am a non-registered customer&amp#27;[0m                                   &amp#27;[90m# steps.TestSteps.iAmANonRegisteredCustomer()&amp#27;[0m
  &amp#27;[32mAnd &amp#27;[0m&amp#27;[32mI navigate to &amp#27;[0m&amp#27;[32m&amp#27;[1m"https://eshop.vodafone.com.eg/shop/home"&amp#27;[0m            &amp#27;[90m# steps.TestSteps.iNavigateToHomePage(java.lang.String)&amp#27;[0m
  &amp#27;[32mWhen &amp#27;[0m&amp#27;[32mI select english&amp#27;[0m                                                  &amp#27;[90m# steps.TestSteps.iSelectA()&amp#27;[0m
  &amp#27;[32mAnd &amp#27;[0m&amp#27;[32mI Select &amp#27;[0m&amp#27;[32m&amp#27;[1m"Apple"&amp#27;[0m                                                   &amp#27;[90m# steps.TestSteps.iSelectFrom(java.lang.String)&amp#27;[0m
  &amp#27;[32mAnd &amp#27;[0m&amp#27;[32mI select the first results item&amp#27;[0m                                    &amp#27;[90m# steps.TestSteps.iSelectTheFirstResultsItem()&amp#27;[0m
  &amp#27;[32mAnd &amp#27;[0m&amp#27;[32mI press add to basket button&amp#27;[0m                                       &amp#27;[90m# steps.TestSteps.iPressAddToBasketButton()&amp#27;[0m
  &amp#27;[32mAnd &amp#27;[0m&amp#27;[32mI press proceed to checkout button&amp#27;[0m                                 &amp#27;[90m# steps.TestSteps.iPressProceedToCheckoutButton()&amp#27;[0m
  &amp#27;[32mAnd &amp#27;[0m&amp#27;[32mI select the delivery city &amp#27;[0m&amp#27;[32m&amp#27;[1m"Ø§Ù„Ù‚Ø§Ù‡Ø±Ø©"&amp#27;[0m                               &amp#27;[90m# steps.TestSteps.iSelectTheDeliveryCity(java.lang.String)&amp#27;[0m
  &amp#27;[32mAnd &amp#27;[0m&amp#27;[32mI select the delivery area &amp#27;[0m&amp#27;[32m&amp#27;[1m"Ø¹ÙŠÙ† Ø´Ù…Ø³"&amp#27;[0m                               &amp#27;[90m# steps.TestSteps.iSelectTheDeliveryArea(java.lang.String)&amp#27;[0m
  &amp#27;[32mAnd &amp#27;[0m&amp#27;[32mI select deliver to my address&amp#27;[0m                                     &amp#27;[90m# steps.TestSteps.iSelectDeliverToMyAddress()&amp#27;[0m
  &amp#27;[32mAnd &amp#27;[0m&amp#27;[32mI entered address details as &amp#27;[0m&amp#27;[32m&amp#27;[1m"Thawra"&amp#27;[0m&amp#27;[32m &amp#27;[0m&amp#27;[32m&amp#27;[1m"B23"&amp#27;[0m&amp#27;[32m &amp#27;[0m&amp#27;[32m&amp#27;[1m"2"&amp#27;[0m&amp#27;[32m &amp#27;[0m&amp#27;[32m&amp#27;[1m"2"&amp#27;[0m                &amp#27;[90m# steps.TestSteps.iEnteredAddressDetailsAs(java.lang.String,java.lang.String,java.lang.String,java.lang.String)&amp#27;[0m
  &amp#27;[32mAnd &amp#27;[0m&amp#27;[32mI press continue in delivery option section&amp#27;[0m                        &amp#27;[90m# steps.TestSteps.iPressContinue()&amp#27;[0m
  &amp#27;[32mAnd &amp#27;[0m&amp#27;[32mI keep personal info empty&amp#27;[0m                                         &amp#27;[90m# steps.TestSteps.iKeepPersonalInfoEmpty()&amp#27;[0m
  &amp#27;[32mAnd &amp#27;[0m&amp#27;[32mI press continue in personal info section&amp#27;[0m                          &amp#27;[90m# steps.TestSteps.iPressContinueInPersonalInfoSection()&amp#27;[0m
  &amp#27;[32mThen &amp#27;[0m&amp#27;[32mI get an error on the mandatory empty fields&amp#27;[0m                      &amp#27;[90m# steps.TestSteps.iGetAnErrorOnTheMandatoryEmptyFields()&amp#27;[0m
]]></system-out>
    <system-err><![CDATA[SLF4J: Failed to load class "org.slf4j.impl.StaticLoggerBinder".
SLF4J: Defaulting to no-operation (NOP) logger implementation
SLF4J: See http://www.slf4j.org/codes.html#StaticLoggerBinder for further details.
Starting ChromeDriver 106.0.5249.61 (511755355844955cd3e264779baf0dd38212a4d0-refs/branch-heads/5249@{#569}) on port 21727
Only local connections are allowed.
Please see https://chromedriver.chromium.org/security-considerations for suggestions on keeping ChromeDriver safe.
ChromeDriver was started successfully.
Oct 14, 2022 3:42:18 PM org.openqa.selenium.remote.ProtocolHandshake createSession
INFO: Detected dialect: W3C
]]></system-err>
  </testcase>
  <testcase name="runScenario[&quot;Anyone can get post info by id&quot;, &quot;Optional[anonymous user can get post details by it&apos;s id]&quot;](2)" classname="runner.TestRunner" time="2.227">
    <system-out><![CDATA[
@api
Scenario Outline: Anyone can get post info by id                        &amp#27;[90m# src/test/java/features/posts.feature:13&amp#27;[0m
  &amp#27;[32mGiven &amp#27;[0m&amp#27;[32mI am a non-registered user&amp#27;[0m                                      &amp#27;[90m# steps.TestSteps.iAmANonRegisteredUser()&amp#27;[0m
  &amp#27;[32mWhen &amp#27;[0m&amp#27;[32mI request &amp#27;[0m&amp#27;[32m&amp#27;[1m"https://jsonplaceholder.typicode.com/posts/"&amp#27;[0m&amp#27;[32m with &amp#27;[0m&amp#27;[32m&amp#27;[1m"1"&amp#27;[0m &amp#27;[90m# steps.TestSteps.iRequest(java.lang.String,java.lang.String)&amp#27;[0m
  &amp#27;[32mThen &amp#27;[0m&amp#27;[32mI get a response with success status code&amp#27;[0m                        &amp#27;[90m# steps.TestSteps.iGetAResponseWithSuccessStatusCode()&amp#27;[0m
  &amp#27;[32mAnd &amp#27;[0m&amp#27;[32mI received the post title&amp#27;[0m                                         &amp#27;[90m# steps.TestSteps.iReceivedThePostTitle()&amp#27;[0m
  &amp#27;[32mAnd &amp#27;[0m&amp#27;[32mI received the post body&amp#27;[0m                                          &amp#27;[90m# steps.TestSteps.iReceivedThePostBody()&amp#27;[0m
]]></system-out>
  </testcase>
</testsuite>